\BOOKMARK [0][-]{chapter.1}{\376\377\0001\000\040\000T\000e\000s\000d\000t\000e\000d\000\040\000o\000n\000\040\000U\000b\000u\000n\000t\000u\000\040\0002\0000\000\040\000a\000n\000d\000\040\000p\000y\000t\000h\000o\000n\000>\000=\0003\000.\0008}{}% 1
\BOOKMARK [1][-]{subsection.1.0.1}{\376\377\0001\000.\0000\000.\0001\000\040\000O\000v\000e\000r\000v\000i\000e\000w}{chapter.1}% 2
\BOOKMARK [2][-]{subsubsection.1.0.1.1}{\376\377\0001\000.\0000\000.\0001\000.\0001\000\040\000M\000o\000d\000e\000l\000\040\000s\000p\000e\000c\000i\000f\000i\000c\000a\000t\000i\000o\000n\000s}{subsection.1.0.1}% 3
\BOOKMARK [2][-]{subsection.1.0.2}{\376\377\0001\000.\0000\000.\0002\000\040\000R\000u\000n\000\040\000t\000h\000e\000s\000e\000\040\000c\000o\000m\000m\000a\000n\000d\000s\000\040\000t\000o\000\040\000s\000e\000t\000\040\000u\000p\000\040\000t\000h\000e\000\040\000e\000n\000v\000i\000r\000o\000n\000m\000e\000n\000t\000.\000\040\000W\000e\000\040\000n\000e\000e\000d\000\040\000c\000o\000n\000d\000a\000\040\000t\000o\000\040\000b\000e\000\040\000i\000n\000s\000t\000a\000l\000l\000e\000d\000.\000\040\000I\000f\000\040\000n\000o\000t\000\040\000t\000h\000a\000n\000\040\000y\000o\000u\000\040\000h\000a\000v\000e\000\040\000t\000o\000\040\000m\000a\000n\000u\000a\000l\000l\000y\000\040\000i\000n\000s\000t\000a\000l\000l\000\040\000t\000h\000e\000\040\000d\000e\000p\000e\000n\000d\000e\000n\000c\000i\000e\000s\000.}{subsection.1.0.1}% 4
\BOOKMARK [2][-]{subsection.1.0.3}{\376\377\0001\000.\0000\000.\0003\000\040\000R\000u\000n\000\040\000t\000h\000e\000s\000e\000\040\000c\000o\000m\000m\000a\000n\000d\000s\000\040\000t\000o\000\040\000e\000x\000t\000r\000a\000c\000t\000\040\000t\000h\000e\000\040\000M\000N\000I\000S\000T\000\040\000d\000a\000t\000a\000s\000e\000t\000\040\000a\000n\000d\000\040\000t\000o\000\040\000t\000r\000a\000i\000n\000\040\000t\000h\000e\000\040\000e\000x\000a\000m\000p\000l\000e\000\040\000n\000e\000t\000w\000o\000r\000k\000\040\000o\000n\000\040\000i\000t\000.}{subsection.1.0.1}% 5
\BOOKMARK [2][-]{subsection.1.0.4}{\376\377\0001\000.\0000\000.\0004\000\040\000R\000u\000n\000\040\000t\000h\000e\000s\000e\000\040\000c\000o\000m\000m\000a\000n\000d\000s\000\040\000t\000o\000\040\000s\000a\000v\000e\000\040\000t\000h\000e\000\040\000p\000r\000e\000d\000i\000c\000t\000i\000o\000n\000\040\000t\000o\000\040\000a\000\040\000s\000q\000l\000\040\000d\000a\000t\000a\000b\000a\000s\000e\000.}{subsection.1.0.1}% 6
\BOOKMARK [0][-]{chapter.2}{\376\377\0002\000\040\000N\000a\000m\000e\000s\000p\000a\000c\000e\000\040\000I\000n\000d\000e\000x}{}% 7
\BOOKMARK [1][-]{section.2.1}{\376\377\0002\000.\0001\000\040\000N\000a\000m\000e\000s\000p\000a\000c\000e\000\040\000L\000i\000s\000t}{chapter.2}% 8
\BOOKMARK [0][-]{chapter.3}{\376\377\0003\000\040\000H\000i\000e\000r\000a\000r\000c\000h\000i\000c\000a\000l\000\040\000I\000n\000d\000e\000x}{}% 9
\BOOKMARK [1][-]{section.3.1}{\376\377\0003\000.\0001\000\040\000C\000l\000a\000s\000s\000\040\000H\000i\000e\000r\000a\000r\000c\000h\000y}{chapter.3}% 10
\BOOKMARK [0][-]{chapter.4}{\376\377\0004\000\040\000C\000l\000a\000s\000s\000\040\000I\000n\000d\000e\000x}{}% 11
\BOOKMARK [1][-]{section.4.1}{\376\377\0004\000.\0001\000\040\000C\000l\000a\000s\000s\000\040\000L\000i\000s\000t}{chapter.4}% 12
\BOOKMARK [0][-]{chapter.5}{\376\377\0005\000\040\000N\000a\000m\000e\000s\000p\000a\000c\000e\000\040\000D\000o\000c\000u\000m\000e\000n\000t\000a\000t\000i\000o\000n}{}% 13
\BOOKMARK [1][-]{section.5.1}{\376\377\0005\000.\0001\000\040\000a\000n\000n\000.\000a\000c\000t\000i\000v\000a\000t\000i\000o\000n\000\040\000N\000a\000m\000e\000s\000p\000a\000c\000e\000\040\000R\000e\000f\000e\000r\000e\000n\000c\000e}{chapter.5}% 14
\BOOKMARK [2][-]{subsection.5.1.1}{\376\377\0005\000.\0001\000.\0001\000\040\000D\000e\000t\000a\000i\000l\000e\000d\000\040\000D\000e\000s\000c\000r\000i\000p\000t\000i\000o\000n}{section.5.1}% 15
\BOOKMARK [1][-]{section.5.2}{\376\377\0005\000.\0002\000\040\000a\000n\000n\000.\000d\000a\000t\000a\000\040\000N\000a\000m\000e\000s\000p\000a\000c\000e\000\040\000R\000e\000f\000e\000r\000e\000n\000c\000e}{chapter.5}% 16
\BOOKMARK [2][-]{subsection.5.2.1}{\376\377\0005\000.\0002\000.\0001\000\040\000D\000e\000t\000a\000i\000l\000e\000d\000\040\000D\000e\000s\000c\000r\000i\000p\000t\000i\000o\000n}{section.5.2}% 17
\BOOKMARK [1][-]{section.5.3}{\376\377\0005\000.\0003\000\040\000a\000n\000n\000.\000l\000a\000y\000e\000r\000\040\000N\000a\000m\000e\000s\000p\000a\000c\000e\000\040\000R\000e\000f\000e\000r\000e\000n\000c\000e}{chapter.5}% 18
\BOOKMARK [2][-]{subsection.5.3.1}{\376\377\0005\000.\0003\000.\0001\000\040\000D\000e\000t\000a\000i\000l\000e\000d\000\040\000D\000e\000s\000c\000r\000i\000p\000t\000i\000o\000n}{section.5.3}% 19
\BOOKMARK [1][-]{section.5.4}{\376\377\0005\000.\0004\000\040\000a\000n\000n\000.\000l\000o\000s\000s\000\040\000N\000a\000m\000e\000s\000p\000a\000c\000e\000\040\000R\000e\000f\000e\000r\000e\000n\000c\000e}{chapter.5}% 20
\BOOKMARK [2][-]{subsection.5.4.1}{\376\377\0005\000.\0004\000.\0001\000\040\000D\000e\000t\000a\000i\000l\000e\000d\000\040\000D\000e\000s\000c\000r\000i\000p\000t\000i\000o\000n}{section.5.4}% 21
\BOOKMARK [0][-]{chapter.6}{\376\377\0006\000\040\000C\000l\000a\000s\000s\000\040\000D\000o\000c\000u\000m\000e\000n\000t\000a\000t\000i\000o\000n}{}% 22
\BOOKMARK [1][-]{section.6.1}{\376\377\0006\000.\0001\000\040\000a\000n\000n\000.\000l\000o\000s\000s\000.\000C\000r\000o\000s\000s\000\137\000E\000n\000t\000\137\000L\000o\000s\000s\000\040\000C\000l\000a\000s\000s\000\040\000R\000e\000f\000e\000r\000e\000n\000c\000e}{chapter.6}% 23
\BOOKMARK [2][-]{subsection.6.1.1}{\376\377\0006\000.\0001\000.\0001\000\040\000D\000e\000t\000a\000i\000l\000e\000d\000\040\000D\000e\000s\000c\000r\000i\000p\000t\000i\000o\000n}{section.6.1}% 24
\BOOKMARK [2][-]{subsection.6.1.2}{\376\377\0006\000.\0001\000.\0002\000\040\000M\000e\000m\000b\000e\000r\000\040\000F\000u\000n\000c\000t\000i\000o\000n\000\040\000D\000o\000c\000u\000m\000e\000n\000t\000a\000t\000i\000o\000n}{section.6.1}% 25
\BOOKMARK [3][-]{subsubsection.6.1.2.1}{\376\377\0006\000.\0001\000.\0002\000.\0001\000\040\000b\000a\000c\000k\000w\000a\000r\000d\000\137\000l\000o\000s\000s\000\050\000\051\000\040\000[\0001\000/\0002\000]}{subsection.6.1.2}% 26
\BOOKMARK [3][-]{subsubsection.6.1.2.2}{\376\377\0006\000.\0001\000.\0002\000.\0002\000\040\000b\000a\000c\000k\000w\000a\000r\000d\000\137\000l\000o\000s\000s\000\050\000\051\000\040\000[\0002\000/\0002\000]}{subsection.6.1.2}% 27
\BOOKMARK [3][-]{subsubsection.6.1.2.3}{\376\377\0006\000.\0001\000.\0002\000.\0003\000\040\000f\000o\000r\000w\000a\000r\000d\000\137\000l\000o\000s\000s\000\050\000\051\000\040\000[\0001\000/\0002\000]}{subsection.6.1.2}% 28
\BOOKMARK [3][-]{subsubsection.6.1.2.4}{\376\377\0006\000.\0001\000.\0002\000.\0004\000\040\000f\000o\000r\000w\000a\000r\000d\000\137\000l\000o\000s\000s\000\050\000\051\000\040\000[\0002\000/\0002\000]}{subsection.6.1.2}% 29
\BOOKMARK [3][-]{subsubsection.6.1.2.5}{\376\377\0006\000.\0001\000.\0002\000.\0005\000\040\000s\000o\000f\000t\000m\000a\000x\000\050\000\051\000\040\000[\0001\000/\0002\000]}{subsection.6.1.2}% 30
\BOOKMARK [3][-]{subsubsection.6.1.2.6}{\376\377\0006\000.\0001\000.\0002\000.\0006\000\040\000s\000o\000f\000t\000m\000a\000x\000\050\000\051\000\040\000[\0002\000/\0002\000]}{subsection.6.1.2}% 31
\BOOKMARK [1][-]{section.6.2}{\376\377\0006\000.\0002\000\040\000a\000n\000n\000.\000l\000a\000y\000e\000r\000.\000L\000i\000n\000e\000a\000r\000\040\000C\000l\000a\000s\000s\000\040\000R\000e\000f\000e\000r\000e\000n\000c\000e}{chapter.6}% 32
\BOOKMARK [2][-]{subsection.6.2.1}{\376\377\0006\000.\0002\000.\0001\000\040\000D\000e\000t\000a\000i\000l\000e\000d\000\040\000D\000e\000s\000c\000r\000i\000p\000t\000i\000o\000n}{section.6.2}% 33
\BOOKMARK [2][-]{subsection.6.2.2}{\376\377\0006\000.\0002\000.\0002\000\040\000M\000e\000m\000b\000e\000r\000\040\000F\000u\000n\000c\000t\000i\000o\000n\000\040\000D\000o\000c\000u\000m\000e\000n\000t\000a\000t\000i\000o\000n}{section.6.2}% 34
\BOOKMARK [3][-]{subsubsection.6.2.2.1}{\376\377\0006\000.\0002\000.\0002\000.\0001\000\040\000b\000a\000c\000k\000w\000a\000r\000d\000\137\000l\000\050\000\051\000\040\000[\0001\000/\0002\000]}{subsection.6.2.2}% 35
\BOOKMARK [3][-]{subsubsection.6.2.2.2}{\376\377\0006\000.\0002\000.\0002\000.\0002\000\040\000b\000a\000c\000k\000w\000a\000r\000d\000\137\000l\000\050\000\051\000\040\000[\0002\000/\0002\000]}{subsection.6.2.2}% 36
\BOOKMARK [3][-]{subsubsection.6.2.2.3}{\376\377\0006\000.\0002\000.\0002\000.\0003\000\040\000f\000o\000r\000w\000a\000r\000d\000\137\000l\000\050\000\051\000\040\000[\0001\000/\0002\000]}{subsection.6.2.2}% 37
\BOOKMARK [3][-]{subsubsection.6.2.2.4}{\376\377\0006\000.\0002\000.\0002\000.\0004\000\040\000f\000o\000r\000w\000a\000r\000d\000\137\000l\000\050\000\051\000\040\000[\0002\000/\0002\000]}{subsection.6.2.2}% 38
\BOOKMARK [3][-]{subsubsection.6.2.2.5}{\376\377\0006\000.\0002\000.\0002\000.\0005\000\040\000r\000e\000s\000e\000t\000\137\000l\000\050\000\051\000\040\000[\0001\000/\0002\000]}{subsection.6.2.2}% 39
\BOOKMARK [3][-]{subsubsection.6.2.2.6}{\376\377\0006\000.\0002\000.\0002\000.\0006\000\040\000r\000e\000s\000e\000t\000\137\000l\000\050\000\051\000\040\000[\0002\000/\0002\000]}{subsection.6.2.2}% 40
\BOOKMARK [3][-]{subsubsection.6.2.2.7}{\376\377\0006\000.\0002\000.\0002\000.\0007\000\040\000u\000p\000d\000a\000t\000e\000\137\000l\000\050\000\051\000\040\000[\0001\000/\0002\000]}{subsection.6.2.2}% 41
\BOOKMARK [3][-]{subsubsection.6.2.2.8}{\376\377\0006\000.\0002\000.\0002\000.\0008\000\040\000u\000p\000d\000a\000t\000e\000\137\000l\000\050\000\051\000\040\000[\0002\000/\0002\000]}{subsection.6.2.2}% 42
\BOOKMARK [1][-]{section.6.3}{\376\377\0006\000.\0003\000\040\000a\000n\000n\000.\000d\000a\000t\000a\000.\000M\000n\000i\000s\000t\000\040\000C\000l\000a\000s\000s\000\040\000R\000e\000f\000e\000r\000e\000n\000c\000e}{chapter.6}% 43
\BOOKMARK [2][-]{subsection.6.3.1}{\376\377\0006\000.\0003\000.\0001\000\040\000D\000e\000t\000a\000i\000l\000e\000d\000\040\000D\000e\000s\000c\000r\000i\000p\000t\000i\000o\000n}{section.6.3}% 44
\BOOKMARK [2][-]{subsection.6.3.2}{\376\377\0006\000.\0003\000.\0002\000\040\000M\000e\000m\000b\000e\000r\000\040\000F\000u\000n\000c\000t\000i\000o\000n\000\040\000D\000o\000c\000u\000m\000e\000n\000t\000a\000t\000i\000o\000n}{section.6.3}% 45
\BOOKMARK [3][-]{subsubsection.6.3.2.1}{\376\377\0006\000.\0003\000.\0002\000.\0001\000\040\000d\000a\000t\000a\000\050\000\051\000\040\000[\0001\000/\0002\000]}{subsection.6.3.2}% 46
\BOOKMARK [3][-]{subsubsection.6.3.2.2}{\376\377\0006\000.\0003\000.\0002\000.\0002\000\040\000d\000a\000t\000a\000\050\000\051\000\040\000[\0002\000/\0002\000]}{subsection.6.3.2}% 47
\BOOKMARK [3][-]{subsubsection.6.3.2.3}{\376\377\0006\000.\0003\000.\0002\000.\0003\000\040\000f\000e\000t\000c\000h\000\050\000\051\000\040\000[\0001\000/\0002\000]}{subsection.6.3.2}% 48
\BOOKMARK [3][-]{subsubsection.6.3.2.4}{\376\377\0006\000.\0003\000.\0002\000.\0004\000\040\000f\000e\000t\000c\000h\000\050\000\051\000\040\000[\0002\000/\0002\000]}{subsection.6.3.2}% 49
\BOOKMARK [3][-]{subsubsection.6.3.2.5}{\376\377\0006\000.\0003\000.\0002\000.\0005\000\040\000f\000r\000o\000m\000\137\000s\000q\000l\000\050\000\051\000\040\000[\0001\000/\0002\000]}{subsection.6.3.2}% 50
\BOOKMARK [3][-]{subsubsection.6.3.2.6}{\376\377\0006\000.\0003\000.\0002\000.\0006\000\040\000f\000r\000o\000m\000\137\000s\000q\000l\000\050\000\051\000\040\000[\0002\000/\0002\000]}{subsection.6.3.2}% 51
\BOOKMARK [3][-]{subsubsection.6.3.2.7}{\376\377\0006\000.\0003\000.\0002\000.\0007\000\040\000s\000q\000l\000\137\000d\000a\000t\000a\000b\000a\000s\000e\000\050\000\051\000\040\000[\0001\000/\0002\000]}{subsection.6.3.2}% 52
\BOOKMARK [3][-]{subsubsection.6.3.2.8}{\376\377\0006\000.\0003\000.\0002\000.\0008\000\040\000s\000q\000l\000\137\000d\000a\000t\000a\000b\000a\000s\000e\000\050\000\051\000\040\000[\0002\000/\0002\000]}{subsection.6.3.2}% 53
\BOOKMARK [1][-]{section.6.4}{\376\377\0006\000.\0004\000\040\000a\000n\000n\000.\000e\000x\000a\000m\000p\000l\000e\0002\000l\000.\000N\000e\000t\000\040\000C\000l\000a\000s\000s\000\040\000R\000e\000f\000e\000r\000e\000n\000c\000e}{chapter.6}% 54
\BOOKMARK [2][-]{subsection.6.4.1}{\376\377\0006\000.\0004\000.\0001\000\040\000D\000e\000t\000a\000i\000l\000e\000d\000\040\000D\000e\000s\000c\000r\000i\000p\000t\000i\000o\000n}{section.6.4}% 55
\BOOKMARK [2][-]{subsection.6.4.2}{\376\377\0006\000.\0004\000.\0002\000\040\000C\000o\000n\000s\000t\000r\000u\000c\000t\000o\000r\000\040\000\046\000\040\000D\000e\000s\000t\000r\000u\000c\000t\000o\000r\000\040\000D\000o\000c\000u\000m\000e\000n\000t\000a\000t\000i\000o\000n}{section.6.4}% 56
\BOOKMARK [3][-]{subsubsection.6.4.2.1}{\376\377\0006\000.\0004\000.\0002\000.\0001\000\040\000\137\000\137\000i\000n\000i\000t\000\137\000\137\000\050\000\051\000\040\000[\0001\000/\0002\000]}{subsection.6.4.2}% 57
\BOOKMARK [3][-]{subsubsection.6.4.2.2}{\376\377\0006\000.\0004\000.\0002\000.\0002\000\040\000\137\000\137\000i\000n\000i\000t\000\137\000\137\000\050\000\051\000\040\000[\0002\000/\0002\000]}{subsection.6.4.2}% 58
\BOOKMARK [2][-]{subsection.6.4.3}{\376\377\0006\000.\0004\000.\0003\000\040\000M\000e\000m\000b\000e\000r\000\040\000F\000u\000n\000c\000t\000i\000o\000n\000\040\000D\000o\000c\000u\000m\000e\000n\000t\000a\000t\000i\000o\000n}{section.6.4}% 59
\BOOKMARK [3][-]{subsubsection.6.4.3.1}{\376\377\0006\000.\0004\000.\0003\000.\0001\000\040\000b\000a\000c\000k\000w\000a\000r\000d\000\050\000\051\000\040\000[\0001\000/\0002\000]}{subsection.6.4.3}% 60
\BOOKMARK [3][-]{subsubsection.6.4.3.2}{\376\377\0006\000.\0004\000.\0003\000.\0002\000\040\000b\000a\000c\000k\000w\000a\000r\000d\000\050\000\051\000\040\000[\0002\000/\0002\000]}{subsection.6.4.3}% 61
\BOOKMARK [3][-]{subsubsection.6.4.3.3}{\376\377\0006\000.\0004\000.\0003\000.\0003\000\040\000e\000v\000a\000l\000u\000a\000t\000e\000\050\000\051\000\040\000[\0001\000/\0002\000]}{subsection.6.4.3}% 62
\BOOKMARK [3][-]{subsubsection.6.4.3.4}{\376\377\0006\000.\0004\000.\0003\000.\0004\000\040\000e\000v\000a\000l\000u\000a\000t\000e\000\050\000\051\000\040\000[\0002\000/\0002\000]}{subsection.6.4.3}% 63
\BOOKMARK [3][-]{subsubsection.6.4.3.5}{\376\377\0006\000.\0004\000.\0003\000.\0005\000\040\000f\000o\000r\000w\000a\000r\000d\000\050\000\051\000\040\000[\0001\000/\0002\000]}{subsection.6.4.3}% 64
\BOOKMARK [3][-]{subsubsection.6.4.3.6}{\376\377\0006\000.\0004\000.\0003\000.\0006\000\040\000f\000o\000r\000w\000a\000r\000d\000\050\000\051\000\040\000[\0002\000/\0002\000]}{subsection.6.4.3}% 65
\BOOKMARK [3][-]{subsubsection.6.4.3.7}{\376\377\0006\000.\0004\000.\0003\000.\0007\000\040\000l\000o\000s\000s\000\050\000\051\000\040\000[\0001\000/\0002\000]}{subsection.6.4.3}% 66
\BOOKMARK [3][-]{subsubsection.6.4.3.8}{\376\377\0006\000.\0004\000.\0003\000.\0008\000\040\000l\000o\000s\000s\000\050\000\051\000\040\000[\0002\000/\0002\000]}{subsection.6.4.3}% 67
\BOOKMARK [3][-]{subsubsection.6.4.3.9}{\376\377\0006\000.\0004\000.\0003\000.\0009\000\040\000r\000e\000s\000e\000t\000\050\000\051\000\040\000[\0001\000/\0002\000]}{subsection.6.4.3}% 68
\BOOKMARK [3][-]{subsubsection.6.4.3.10}{\376\377\0006\000.\0004\000.\0003\000.\0001\0000\000\040\000r\000e\000s\000e\000t\000\050\000\051\000\040\000[\0002\000/\0002\000]}{subsection.6.4.3}% 69
\BOOKMARK [3][-]{subsubsection.6.4.3.11}{\376\377\0006\000.\0004\000.\0003\000.\0001\0001\000\040\000t\000r\000a\000i\000n\000\050\000\051\000\040\000[\0001\000/\0002\000]}{subsection.6.4.3}% 70
\BOOKMARK [3][-]{subsubsection.6.4.3.12}{\376\377\0006\000.\0004\000.\0003\000.\0001\0002\000\040\000t\000r\000a\000i\000n\000\050\000\051\000\040\000[\0002\000/\0002\000]}{subsection.6.4.3}% 71
\BOOKMARK [3][-]{subsubsection.6.4.3.13}{\376\377\0006\000.\0004\000.\0003\000.\0001\0003\000\040\000u\000p\000d\000a\000t\000e\000\050\000\051\000\040\000[\0001\000/\0002\000]}{subsection.6.4.3}% 72
\BOOKMARK [3][-]{subsubsection.6.4.3.14}{\376\377\0006\000.\0004\000.\0003\000.\0001\0004\000\040\000u\000p\000d\000a\000t\000e\000\050\000\051\000\040\000[\0002\000/\0002\000]}{subsection.6.4.3}% 73
\BOOKMARK [1][-]{section.6.5}{\376\377\0006\000.\0005\000\040\000a\000n\000n\000.\000a\000c\000t\000i\000v\000a\000t\000i\000o\000n\000.\000R\000e\000l\000u\000\040\000C\000l\000a\000s\000s\000\040\000R\000e\000f\000e\000r\000e\000n\000c\000e}{chapter.6}% 74
\BOOKMARK [2][-]{subsection.6.5.1}{\376\377\0006\000.\0005\000.\0001\000\040\000D\000e\000t\000a\000i\000l\000e\000d\000\040\000D\000e\000s\000c\000r\000i\000p\000t\000i\000o\000n}{section.6.5}% 75
\BOOKMARK [2][-]{subsection.6.5.2}{\376\377\0006\000.\0005\000.\0002\000\040\000M\000e\000m\000b\000e\000r\000\040\000F\000u\000n\000c\000t\000i\000o\000n\000\040\000D\000o\000c\000u\000m\000e\000n\000t\000a\000t\000i\000o\000n}{section.6.5}% 76
\BOOKMARK [3][-]{subsubsection.6.5.2.1}{\376\377\0006\000.\0005\000.\0002\000.\0001\000\040\000b\000a\000c\000k\000w\000a\000r\000d\000\137\000a\000\050\000\051\000\040\000[\0001\000/\0002\000]}{subsection.6.5.2}% 77
\BOOKMARK [3][-]{subsubsection.6.5.2.2}{\376\377\0006\000.\0005\000.\0002\000.\0002\000\040\000b\000a\000c\000k\000w\000a\000r\000d\000\137\000a\000\050\000\051\000\040\000[\0002\000/\0002\000]}{subsection.6.5.2}% 78
\BOOKMARK [3][-]{subsubsection.6.5.2.3}{\376\377\0006\000.\0005\000.\0002\000.\0003\000\040\000f\000o\000r\000w\000a\000r\000d\000\137\000a\000\050\000\051\000\040\000[\0001\000/\0002\000]}{subsection.6.5.2}% 79
\BOOKMARK [3][-]{subsubsection.6.5.2.4}{\376\377\0006\000.\0005\000.\0002\000.\0004\000\040\000f\000o\000r\000w\000a\000r\000d\000\137\000a\000\050\000\051\000\040\000[\0002\000/\0002\000]}{subsection.6.5.2}% 80
\BOOKMARK [1][-]{section.6.6}{\376\377\0006\000.\0006\000\040\000a\000n\000n\000.\000a\000c\000t\000i\000v\000a\000t\000i\000o\000n\000.\000S\000i\000g\000m\000o\000i\000d\000\040\000C\000l\000a\000s\000s\000\040\000R\000e\000f\000e\000r\000e\000n\000c\000e}{chapter.6}% 81
\BOOKMARK [2][-]{subsection.6.6.1}{\376\377\0006\000.\0006\000.\0001\000\040\000D\000e\000t\000a\000i\000l\000e\000d\000\040\000D\000e\000s\000c\000r\000i\000p\000t\000i\000o\000n}{section.6.6}% 82
\BOOKMARK [2][-]{subsection.6.6.2}{\376\377\0006\000.\0006\000.\0002\000\040\000M\000e\000m\000b\000e\000r\000\040\000F\000u\000n\000c\000t\000i\000o\000n\000\040\000D\000o\000c\000u\000m\000e\000n\000t\000a\000t\000i\000o\000n}{section.6.6}% 83
\BOOKMARK [3][-]{subsubsection.6.6.2.1}{\376\377\0006\000.\0006\000.\0002\000.\0001\000\040\000b\000a\000c\000k\000w\000a\000r\000d\000\137\000a\000\050\000\051\000\040\000[\0001\000/\0002\000]}{subsection.6.6.2}% 84
\BOOKMARK [3][-]{subsubsection.6.6.2.2}{\376\377\0006\000.\0006\000.\0002\000.\0002\000\040\000b\000a\000c\000k\000w\000a\000r\000d\000\137\000a\000\050\000\051\000\040\000[\0002\000/\0002\000]}{subsection.6.6.2}% 85
\BOOKMARK [3][-]{subsubsection.6.6.2.3}{\376\377\0006\000.\0006\000.\0002\000.\0003\000\040\000f\000o\000r\000w\000a\000r\000d\000\137\000a\000\050\000\051\000\040\000[\0001\000/\0002\000]}{subsection.6.6.2}% 86
\BOOKMARK [3][-]{subsubsection.6.6.2.4}{\376\377\0006\000.\0006\000.\0002\000.\0004\000\040\000f\000o\000r\000w\000a\000r\000d\000\137\000a\000\050\000\051\000\040\000[\0002\000/\0002\000]}{subsection.6.6.2}% 87
